epoch0:
1.2293904065601824
epoch1:
0.44212127521305694
epoch2:
0.2535253097529272
epoch3:
0.1717732108591434
epoch4:
0.1229785941595018
epoch5:
0.09413108361845376
epoch6:
0.07653704236683292
epoch7:
0.06586883800505781
epoch8:
0.05927747462762716
epoch9:
0.05475385932601038
epoch10:
0.051003986444778875
epoch11:
0.04811426395748393
epoch12:
0.04557366234536371
epoch13:
0.04334721656149718
epoch14:
0.04105479802392208
epoch15:
0.039351182003693176
epoch16:
0.03749738862471364
epoch17:
0.03586540026795779
epoch18:
0.03444476816806647
epoch19:
0.03297524586307222
