epoch0:
2.2198207375881047
epoch1:
0.6277616033375812
epoch2:
0.22172795046971014
epoch3:
0.0808481354402614
epoch4:
0.02965945016246351
epoch5:
0.01087892084564468
epoch6:
0.004018338894422314
epoch7:
0.001499765593801449
epoch8:
0.0005790755796028003
epoch9:
0.00024094369970800668
epoch10:
0.00011733556147933143
epoch11:
7.200581649854094e-05
epoch12:
5.546125610564049e-05
epoch13:
4.9276680257006914e-05
epoch14:
4.704691630068513e-05
epoch15:
4.614373599988428e-05
epoch16:
4.590868106417624e-05
epoch17:
4.5786866263858685e-05
epoch18:
4.5775019011541596e-05
epoch19:
4.5730090239810386e-05
